F:\DROPBOX\PROJECTS\AXTOOLS\LOADEREX\RELEASE\LOADEREX.PCH
F:\DROPBOX\PROJECTS\AXTOOLS\LOADEREX\RELEASE\STDAFX.OBJ
F:\DROPBOX\PROJECTS\AXTOOLS\LOADEREX\RELEASE\VC110.PDB
F:\DROPBOX\PROJECTS\AXTOOLS\LOADEREX\RELEASE\DLLMAIN.OBJ
F:\DROPBOX\PROJECTS\AXTOOLS\LOADEREX\RELEASE\LOADEREX.OBJ
F:\DROPBOX\PROJECTS\AXTOOLS\RELEASE\LOADEREX.DLL
F:\DROPBOX\PROJECTS\AXTOOLS\RELEASE\LOADEREX.PDB
F:\Dropbox\Projects\AxTools\LoaderEx\Release\dllmain.obj
F:\Dropbox\Projects\AxTools\LoaderEx\Release\LoaderEx.obj
F:\Dropbox\Projects\AxTools\LoaderEx\Release\stdafx.obj
F:\Dropbox\Projects\AxTools\LoaderEx\Release\cl.command.1.tlog
F:\Dropbox\Projects\AxTools\LoaderEx\Release\CL.read.1.tlog
F:\Dropbox\Projects\AxTools\LoaderEx\Release\CL.write.1.tlog
F:\Dropbox\Projects\AxTools\LoaderEx\Release\link-cvtres.read.1.tlog
F:\Dropbox\Projects\AxTools\LoaderEx\Release\link-cvtres.write.1.tlog
F:\Dropbox\Projects\AxTools\LoaderEx\Release\link-rc.read.1.tlog
F:\Dropbox\Projects\AxTools\LoaderEx\Release\link-rc.write.1.tlog
F:\Dropbox\Projects\AxTools\LoaderEx\Release\link.command.1.tlog
F:\Dropbox\Projects\AxTools\LoaderEx\Release\link.read.1.tlog
F:\Dropbox\Projects\AxTools\LoaderEx\Release\link.write.1.tlog
F:\Dropbox\Projects\AxTools\LoaderEx\Release\LoaderEx.pch
F:\Dropbox\Projects\AxTools\LoaderEx\Release\vc110.pdb
F:\Dropbox\Projects\AxTools\Release\LoaderEx.pdb
F:\Dropbox\Projects\AxTools\Release\LoaderEx.dll
