10.05.2014 18:32:37.172 // Launching... (11.16.2.0)
10.05.2014 18:32:37.199 // Settings are loaded
10.05.2014 18:32:40.988 // WoW accounts was loaded
10.05.2014 18:32:41.951 // Registered for: Axio-5GDMJHD20R
10.05.2014 18:32:41.956 // Wow:5136 :: [Process watcher] Process added
10.05.2014 18:32:41.957 // AxTools :: preparation completed
10.05.2014 18:32:43.092 // Wow:5136 :: [WoW hook] Attaching...
10.05.2014 18:32:43.146 // Plugin loaded: Fishing 1.0
10.05.2014 18:32:43.147 // Plugin loaded: BG Outlaw 1.0
10.05.2014 18:32:43.147 // Plugin loaded: GoodsDestroyer 1.0
10.05.2014 18:32:43.225 // AxTools started succesfully
10.05.2014 18:32:43.227 // [Updater] Checking for updates
10.05.2014 18:32:44.707 // Wow:5136 :: [WoW hook] Window style is changed
10.05.2014 18:32:45.908 // Wow:5136 :: [WoW hook] Memory manager initialized, base address 0x2C0000
10.05.2014 18:32:48.192 // BackupAddons :: Starting...
10.05.2014 18:32:48.201 // BackupAddons :: Total backup files: 7
10.05.2014 18:32:48.217 // BackupAddons :: Old backup file is deleted: AddonsBackup_20140504_192344.zip
10.05.2014 18:32:48.219 // BackupAddons :: Zipping to file: F:\Dropbox\Backup\Addons\AddonsBackup_20140510_183248.zip
10.05.2014 18:33:03.172 // BackupAddons :: Backup successfully created: F:\Dropbox\Backup\Addons\AddonsBackup_20140510_183248.zip
10.05.2014 18:33:05.807 // Starting processes trace watching is stopped
10.05.2014 18:33:05.808 // Stopping processes trace watching is stopped
10.05.2014 18:33:05.809 // Wow:5136 :: [WoW hook] Memory manager disposed
10.05.2014 18:33:05.810 // Keyboard hook disposed
10.05.2014 18:33:05.811 // AxTools closed
